2022-04-04 14:13:57,908  INFO [main] BaseTest:39 - Base test initialized
2022-04-04 14:13:58,377  INFO [main] BaseTest:36 - tassk base test initialized
2022-04-04 14:13:58,377  INFO [main] BaseTest:24 - add task test before 
2022-04-04 14:13:58,393  INFO [main] BaseTest:32 - add task test int
2022-04-04 14:13:58,880 DEBUG [main] BasicClientConnectionManager:161 - Get connection for route {s}->https://api-nodejs-todolist.herokuapp.com:443
2022-04-04 14:13:59,031 DEBUG [main] DefaultClientConnectionOperator:177 - Connecting to api-nodejs-todolist.herokuapp.com:443
2022-04-04 14:14:00,239 DEBUG [main] RequestAddCookies:123 - CookieSpec selected: ignoreCookies
2022-04-04 14:14:00,239 DEBUG [main] RequestAuthCache:77 - Auth cache not set in the context
2022-04-04 14:14:00,239 DEBUG [main] RequestProxyAuthentication:89 - Proxy auth state: UNCHALLENGED
2022-04-04 14:14:00,239 DEBUG [main] DefaultHttpClient:677 - Attempt 1 to execute request
2022-04-04 14:14:00,239 DEBUG [main] DefaultClientConnection:274 - Sending request: POST /task HTTP/1.1
2022-04-04 14:14:00,239 DEBUG [main] wire:73 -  >> "POST /task HTTP/1.1[\r][\n]"
2022-04-04 14:14:00,239 DEBUG [main] wire:73 -  >> "Authorization: Bearer eyJhbGciOiJIUzI1NiIsInR5cCI6IkpXVCJ9.eyJfaWQiOiI2MjQ2YjFhOWQ3ZTZjMjAwMTc1ZDYxNTMiLCJpYXQiOjE2NDg4MDExODB9.xlLfTfOUF3uph-BzAPMvk7odWLhpEZxHK67qAoAO8qc[\r][\n]"
2022-04-04 14:14:00,239 DEBUG [main] wire:73 -  >> "Accept: */*[\r][\n]"
2022-04-04 14:14:00,239 DEBUG [main] wire:73 -  >> "Content-Type: application/json[\r][\n]"
2022-04-04 14:14:00,239 DEBUG [main] wire:73 -  >> "Content-Length: 36[\r][\n]"
2022-04-04 14:14:00,239 DEBUG [main] wire:73 -  >> "Host: api-nodejs-todolist.herokuapp.com[\r][\n]"
2022-04-04 14:14:00,239 DEBUG [main] wire:73 -  >> "Connection: Keep-Alive[\r][\n]"
2022-04-04 14:14:00,239 DEBUG [main] wire:73 -  >> "User-Agent: Apache-HttpClient/4.5.13 (Java/17.0.2)[\r][\n]"
2022-04-04 14:14:00,239 DEBUG [main] wire:73 -  >> "Accept-Encoding: gzip,deflate[\r][\n]"
2022-04-04 14:14:00,239 DEBUG [main] wire:73 -  >> "[\r][\n]"
2022-04-04 14:14:00,239 DEBUG [main] headers:278 - >> POST /task HTTP/1.1
2022-04-04 14:14:00,239 DEBUG [main] headers:281 - >> Authorization: Bearer eyJhbGciOiJIUzI1NiIsInR5cCI6IkpXVCJ9.eyJfaWQiOiI2MjQ2YjFhOWQ3ZTZjMjAwMTc1ZDYxNTMiLCJpYXQiOjE2NDg4MDExODB9.xlLfTfOUF3uph-BzAPMvk7odWLhpEZxHK67qAoAO8qc
2022-04-04 14:14:00,239 DEBUG [main] headers:281 - >> Accept: */*
2022-04-04 14:14:00,239 DEBUG [main] headers:281 - >> Content-Type: application/json
2022-04-04 14:14:00,239 DEBUG [main] headers:281 - >> Content-Length: 36
2022-04-04 14:14:00,239 DEBUG [main] headers:281 - >> Host: api-nodejs-todolist.herokuapp.com
2022-04-04 14:14:00,239 DEBUG [main] headers:281 - >> Connection: Keep-Alive
2022-04-04 14:14:00,239 DEBUG [main] headers:281 - >> User-Agent: Apache-HttpClient/4.5.13 (Java/17.0.2)
2022-04-04 14:14:00,239 DEBUG [main] headers:281 - >> Accept-Encoding: gzip,deflate
2022-04-04 14:14:00,239 DEBUG [main] wire:73 -  >> "{[\n]"
2022-04-04 14:14:00,239 DEBUG [main] wire:73 -  >> "[0x9]"description":"Paint the table"[\n]"
2022-04-04 14:14:00,239 DEBUG [main] wire:87 -  >> "}"
2022-04-04 14:14:01,220 DEBUG [main] wire:73 -  << "HTTP/1.1 201 Created[\r][\n]"
2022-04-04 14:14:01,220 DEBUG [main] wire:73 -  << "Server: Cowboy[\r][\n]"
2022-04-04 14:14:01,220 DEBUG [main] wire:73 -  << "Connection: keep-alive[\r][\n]"
2022-04-04 14:14:01,220 DEBUG [main] wire:73 -  << "X-Powered-By: Express[\r][\n]"
2022-04-04 14:14:01,220 DEBUG [main] wire:73 -  << "Access-Control-Allow-Origin: *[\r][\n]"
2022-04-04 14:14:01,220 DEBUG [main] wire:73 -  << "Content-Type: application/json; charset=utf-8[\r][\n]"
2022-04-04 14:14:01,220 DEBUG [main] wire:73 -  << "Content-Length: 229[\r][\n]"
2022-04-04 14:14:01,220 DEBUG [main] wire:73 -  << "Etag: W/"e5-Ujpgg0EtukvalrAgirn8rYBRV0g"[\r][\n]"
2022-04-04 14:14:01,220 DEBUG [main] wire:73 -  << "Date: Mon, 04 Apr 2022 08:44:01 GMT[\r][\n]"
2022-04-04 14:14:01,220 DEBUG [main] wire:73 -  << "Via: 1.1 vegur[\r][\n]"
2022-04-04 14:14:01,220 DEBUG [main] wire:73 -  << "[\r][\n]"
2022-04-04 14:14:01,220 DEBUG [main] DefaultClientConnection:259 - Receiving response: HTTP/1.1 201 Created
2022-04-04 14:14:01,220 DEBUG [main] headers:262 - << HTTP/1.1 201 Created
2022-04-04 14:14:01,220 DEBUG [main] headers:265 - << Server: Cowboy
2022-04-04 14:14:01,220 DEBUG [main] headers:265 - << Connection: keep-alive
2022-04-04 14:14:01,220 DEBUG [main] headers:265 - << X-Powered-By: Express
2022-04-04 14:14:01,220 DEBUG [main] headers:265 - << Access-Control-Allow-Origin: *
2022-04-04 14:14:01,220 DEBUG [main] headers:265 - << Content-Type: application/json; charset=utf-8
2022-04-04 14:14:01,220 DEBUG [main] headers:265 - << Content-Length: 229
2022-04-04 14:14:01,220 DEBUG [main] headers:265 - << Etag: W/"e5-Ujpgg0EtukvalrAgirn8rYBRV0g"
2022-04-04 14:14:01,220 DEBUG [main] headers:265 - << Date: Mon, 04 Apr 2022 08:44:01 GMT
2022-04-04 14:14:01,220 DEBUG [main] headers:265 - << Via: 1.1 vegur
2022-04-04 14:14:01,237 DEBUG [main] DefaultHttpClient:504 - Connection can be kept alive indefinitely
2022-04-04 14:14:01,237 DEBUG [main] RestAssuredHttpBuilder:553 - Parsing response as: application/json; charset=utf-8
2022-04-04 14:14:01,237 DEBUG [main] RestAssuredHttpBuilder:556 - Parsed data to instance of: class org.apache.http.conn.EofSensorInputStream
2022-04-04 14:14:01,264 DEBUG [main] wire:87 -  << "{"success":true,"data":{"completed":false,"_id":"624aafd085a784001777091f","description":"Paint the table","owner":"6246b1a9d7e6c200175d6153","createdAt":"2022-04-04T08:44:00.852Z","updatedAt":"2022-04-04T08:44:00.852Z","__v":0}}"
2022-04-04 14:14:01,264 DEBUG [main] BasicClientConnectionManager:200 - Releasing connection org.apache.http.impl.conn.ManagedClientConnectionImpl@25a94b55
2022-04-04 14:14:01,264 DEBUG [main] BasicClientConnectionManager:225 - Connection can be kept alive indefinitely
2022-04-04 14:14:01,887  INFO [main] BaseTest:60 - Content type is JSON
2022-04-04 14:14:02,164  INFO [main] BaseTest:54 - Status code is 200
2022-04-04 14:14:02,180 DEBUG [main] cache:45 - Couldn't find template in cache for "spark/spark.spa.ftl"("en_US", UTF-8, parsed); will try to load it.
2022-04-04 14:14:02,180 DEBUG [main] cache:45 - TemplateLoader.findTemplateSource("spark/spark.spa_en_US.ftl"): Not found
2022-04-04 14:14:02,180 DEBUG [main] cache:45 - TemplateLoader.findTemplateSource("spark/spark.spa_en.ftl"): Not found
2022-04-04 14:14:02,180 DEBUG [main] cache:45 - TemplateLoader.findTemplateSource("spark/spark.spa.ftl"): Found
2022-04-04 14:14:02,180 DEBUG [main] cache:45 - Loading template for "spark/spark.spa.ftl"("en_US", UTF-8, parsed) from "jar:file:/C:/Users/ndhurandher/.m2/repository/com/aventstack/extentreports/5.0.9/extentreports-5.0.9.jar!/com/aventstack/extentreports/templates/spark/spark.spa.ftl"
2022-04-04 14:14:02,231 DEBUG [main] cache:45 - Couldn't find template in cache for "commons/commons-variables.ftl"("en_US", UTF-8, parsed); will try to load it.
2022-04-04 14:14:02,231 DEBUG [main] cache:45 - TemplateLoader.findTemplateSource("commons/commons-variables_en_US.ftl"): Not found
2022-04-04 14:14:02,231 DEBUG [main] cache:45 - TemplateLoader.findTemplateSource("commons/commons-variables_en.ftl"): Not found
2022-04-04 14:14:02,231 DEBUG [main] cache:45 - TemplateLoader.findTemplateSource("commons/commons-variables.ftl"): Found
2022-04-04 14:14:02,231 DEBUG [main] cache:45 - Loading template for "commons/commons-variables.ftl"("en_US", UTF-8, parsed) from "jar:file:/C:/Users/ndhurandher/.m2/repository/com/aventstack/extentreports/5.0.9/extentreports-5.0.9.jar!/com/aventstack/extentreports/templates/commons/commons-variables.ftl"
2022-04-04 14:14:02,295 DEBUG [main] cache:45 - Couldn't find template in cache for "commons/commons-macros.ftl"("en_US", UTF-8, parsed); will try to load it.
2022-04-04 14:14:02,295 DEBUG [main] cache:45 - TemplateLoader.findTemplateSource("commons/commons-macros_en_US.ftl"): Not found
2022-04-04 14:14:02,295 DEBUG [main] cache:45 - TemplateLoader.findTemplateSource("commons/commons-macros_en.ftl"): Not found
2022-04-04 14:14:02,295 DEBUG [main] cache:45 - TemplateLoader.findTemplateSource("commons/commons-macros.ftl"): Found
2022-04-04 14:14:02,295 DEBUG [main] cache:45 - Loading template for "commons/commons-macros.ftl"("en_US", UTF-8, parsed) from "jar:file:/C:/Users/ndhurandher/.m2/repository/com/aventstack/extentreports/5.0.9/extentreports-5.0.9.jar!/com/aventstack/extentreports/templates/commons/commons-macros.ftl"
2022-04-04 14:14:02,295 DEBUG [main] cache:45 - Couldn't find template in cache for "spark/macros/attributes.ftl"("en_US", UTF-8, parsed); will try to load it.
2022-04-04 14:14:02,295 DEBUG [main] cache:45 - TemplateLoader.findTemplateSource("spark/macros/attributes_en_US.ftl"): Not found
2022-04-04 14:14:02,295 DEBUG [main] cache:45 - TemplateLoader.findTemplateSource("spark/macros/attributes_en.ftl"): Not found
2022-04-04 14:14:02,295 DEBUG [main] cache:45 - TemplateLoader.findTemplateSource("spark/macros/attributes.ftl"): Found
2022-04-04 14:14:02,295 DEBUG [main] cache:45 - Loading template for "spark/macros/attributes.ftl"("en_US", UTF-8, parsed) from "jar:file:/C:/Users/ndhurandher/.m2/repository/com/aventstack/extentreports/5.0.9/extentreports-5.0.9.jar!/com/aventstack/extentreports/templates/spark/macros/attributes.ftl"
2022-04-04 14:14:02,295 DEBUG [main] cache:45 - Couldn't find template in cache for "spark/macros/log.ftl"("en_US", UTF-8, parsed); will try to load it.
2022-04-04 14:14:02,312 DEBUG [main] cache:45 - TemplateLoader.findTemplateSource("spark/macros/log_en_US.ftl"): Not found
2022-04-04 14:14:02,312 DEBUG [main] cache:45 - TemplateLoader.findTemplateSource("spark/macros/log_en.ftl"): Not found
2022-04-04 14:14:02,312 DEBUG [main] cache:45 - TemplateLoader.findTemplateSource("spark/macros/log.ftl"): Found
2022-04-04 14:14:02,312 DEBUG [main] cache:45 - Loading template for "spark/macros/log.ftl"("en_US", UTF-8, parsed) from "jar:file:/C:/Users/ndhurandher/.m2/repository/com/aventstack/extentreports/5.0.9/extentreports-5.0.9.jar!/com/aventstack/extentreports/templates/spark/macros/log.ftl"
2022-04-04 14:14:02,314 DEBUG [main] cache:45 - Couldn't find template in cache for "spark/macros/recurse_nodes.ftl"("en_US", UTF-8, parsed); will try to load it.
2022-04-04 14:14:02,314 DEBUG [main] cache:45 - TemplateLoader.findTemplateSource("spark/macros/recurse_nodes_en_US.ftl"): Not found
2022-04-04 14:14:02,314 DEBUG [main] cache:45 - TemplateLoader.findTemplateSource("spark/macros/recurse_nodes_en.ftl"): Not found
2022-04-04 14:14:02,314 DEBUG [main] cache:45 - TemplateLoader.findTemplateSource("spark/macros/recurse_nodes.ftl"): Found
2022-04-04 14:14:02,314 DEBUG [main] cache:45 - Loading template for "spark/macros/recurse_nodes.ftl"("en_US", UTF-8, parsed) from "jar:file:/C:/Users/ndhurandher/.m2/repository/com/aventstack/extentreports/5.0.9/extentreports-5.0.9.jar!/com/aventstack/extentreports/templates/spark/macros/recurse_nodes.ftl"
2022-04-04 14:14:02,314 DEBUG [main] cache:45 - "spark/macros/log.ftl"("en_US", UTF-8, parsed) cached copy not yet stale; using cached.
2022-04-04 14:14:02,314 DEBUG [main] cache:45 - Couldn't find template in cache for "spark/macros/attr-common.ftl"("en_US", UTF-8, parsed); will try to load it.
2022-04-04 14:14:02,314 DEBUG [main] cache:45 - TemplateLoader.findTemplateSource("spark/macros/attr-common_en_US.ftl"): Not found
2022-04-04 14:14:02,314 DEBUG [main] cache:45 - TemplateLoader.findTemplateSource("spark/macros/attr-common_en.ftl"): Not found
2022-04-04 14:14:02,314 DEBUG [main] cache:45 - TemplateLoader.findTemplateSource("spark/macros/attr-common.ftl"): Found
2022-04-04 14:14:02,314 DEBUG [main] cache:45 - Loading template for "spark/macros/attr-common.ftl"("en_US", UTF-8, parsed) from "jar:file:/C:/Users/ndhurandher/.m2/repository/com/aventstack/extentreports/5.0.9/extentreports-5.0.9.jar!/com/aventstack/extentreports/templates/spark/macros/attr-common.ftl"
2022-04-04 14:14:02,322 DEBUG [main] cache:45 - Couldn't find template in cache for "spark/partials/head.ftl"("en_US", UTF-8, parsed); will try to load it.
2022-04-04 14:14:02,322 DEBUG [main] cache:45 - TemplateLoader.findTemplateSource("spark/partials/head_en_US.ftl"): Not found
2022-04-04 14:14:02,322 DEBUG [main] cache:45 - TemplateLoader.findTemplateSource("spark/partials/head_en.ftl"): Not found
2022-04-04 14:14:02,322 DEBUG [main] cache:45 - TemplateLoader.findTemplateSource("spark/partials/head.ftl"): Found
2022-04-04 14:14:02,322 DEBUG [main] cache:45 - Loading template for "spark/partials/head.ftl"("en_US", UTF-8, parsed) from "jar:file:/C:/Users/ndhurandher/.m2/repository/com/aventstack/extentreports/5.0.9/extentreports-5.0.9.jar!/com/aventstack/extentreports/templates/spark/partials/head.ftl"
2022-04-04 14:14:02,322 DEBUG [main] cache:45 - Couldn't find template in cache for "commons/commons-inject-css.ftl"("en_US", UTF-8, parsed); will try to load it.
2022-04-04 14:14:02,322 DEBUG [main] cache:45 - TemplateLoader.findTemplateSource("commons/commons-inject-css_en_US.ftl"): Not found
2022-04-04 14:14:02,322 DEBUG [main] cache:45 - TemplateLoader.findTemplateSource("commons/commons-inject-css_en.ftl"): Not found
2022-04-04 14:14:02,322 DEBUG [main] cache:45 - TemplateLoader.findTemplateSource("commons/commons-inject-css.ftl"): Found
2022-04-04 14:14:02,322 DEBUG [main] cache:45 - Loading template for "commons/commons-inject-css.ftl"("en_US", UTF-8, parsed) from "jar:file:/C:/Users/ndhurandher/.m2/repository/com/aventstack/extentreports/5.0.9/extentreports-5.0.9.jar!/com/aventstack/extentreports/templates/commons/commons-inject-css.ftl"
2022-04-04 14:14:02,322 DEBUG [main] cache:45 - Couldn't find template in cache for "spark/partials/navbar.ftl"("en_US", UTF-8, parsed); will try to load it.
2022-04-04 14:14:02,322 DEBUG [main] cache:45 - TemplateLoader.findTemplateSource("spark/partials/navbar_en_US.ftl"): Not found
2022-04-04 14:14:02,322 DEBUG [main] cache:45 - TemplateLoader.findTemplateSource("spark/partials/navbar_en.ftl"): Not found
2022-04-04 14:14:02,322 DEBUG [main] cache:45 - TemplateLoader.findTemplateSource("spark/partials/navbar.ftl"): Found
2022-04-04 14:14:02,322 DEBUG [main] cache:45 - Loading template for "spark/partials/navbar.ftl"("en_US", UTF-8, parsed) from "jar:file:/C:/Users/ndhurandher/.m2/repository/com/aventstack/extentreports/5.0.9/extentreports-5.0.9.jar!/com/aventstack/extentreports/templates/spark/partials/navbar.ftl"
2022-04-04 14:14:02,338 DEBUG [main] cache:45 - Couldn't find template in cache for "spark/partials/sidenav.ftl"("en_US", UTF-8, parsed); will try to load it.
2022-04-04 14:14:02,338 DEBUG [main] cache:45 - TemplateLoader.findTemplateSource("spark/partials/sidenav_en_US.ftl"): Not found
2022-04-04 14:14:02,338 DEBUG [main] cache:45 - TemplateLoader.findTemplateSource("spark/partials/sidenav_en.ftl"): Not found
2022-04-04 14:14:02,338 DEBUG [main] cache:45 - TemplateLoader.findTemplateSource("spark/partials/sidenav.ftl"): Found
2022-04-04 14:14:02,338 DEBUG [main] cache:45 - Loading template for "spark/partials/sidenav.ftl"("en_US", UTF-8, parsed) from "jar:file:/C:/Users/ndhurandher/.m2/repository/com/aventstack/extentreports/5.0.9/extentreports-5.0.9.jar!/com/aventstack/extentreports/templates/spark/partials/sidenav.ftl"
2022-04-04 14:14:02,338 DEBUG [main] cache:45 - Couldn't find template in cache for "spark/partials/test.ftl"("en_US", UTF-8, parsed); will try to load it.
2022-04-04 14:14:02,338 DEBUG [main] cache:45 - TemplateLoader.findTemplateSource("spark/partials/test_en_US.ftl"): Not found
2022-04-04 14:14:02,338 DEBUG [main] cache:45 - TemplateLoader.findTemplateSource("spark/partials/test_en.ftl"): Not found
2022-04-04 14:14:02,338 DEBUG [main] cache:45 - TemplateLoader.findTemplateSource("spark/partials/test.ftl"): Found
2022-04-04 14:14:02,338 DEBUG [main] cache:45 - Loading template for "spark/partials/test.ftl"("en_US", UTF-8, parsed) from "jar:file:/C:/Users/ndhurandher/.m2/repository/com/aventstack/extentreports/5.0.9/extentreports-5.0.9.jar!/com/aventstack/extentreports/templates/spark/partials/test.ftl"
2022-04-04 14:14:02,354 DEBUG [main] cache:45 - Couldn't find template in cache for "spark/partials/standard-content.ftl"("en_US", UTF-8, parsed); will try to load it.
2022-04-04 14:14:02,354 DEBUG [main] cache:45 - TemplateLoader.findTemplateSource("spark/partials/standard-content_en_US.ftl"): Not found
2022-04-04 14:14:02,354 DEBUG [main] cache:45 - TemplateLoader.findTemplateSource("spark/partials/standard-content_en.ftl"): Not found
2022-04-04 14:14:02,354 DEBUG [main] cache:45 - TemplateLoader.findTemplateSource("spark/partials/standard-content.ftl"): Found
2022-04-04 14:14:02,354 DEBUG [main] cache:45 - Loading template for "spark/partials/standard-content.ftl"("en_US", UTF-8, parsed) from "jar:file:/C:/Users/ndhurandher/.m2/repository/com/aventstack/extentreports/5.0.9/extentreports-5.0.9.jar!/com/aventstack/extentreports/templates/spark/partials/standard-content.ftl"
2022-04-04 14:14:02,354 DEBUG [main] cache:45 - "spark/partials/standard-content.ftl"("en_US", UTF-8, parsed) cached copy not yet stale; using cached.
2022-04-04 14:14:02,354 DEBUG [main] cache:45 - Couldn't find template in cache for "spark/partials/exception.ftl"("en_US", UTF-8, parsed); will try to load it.
2022-04-04 14:14:02,354 DEBUG [main] cache:45 - TemplateLoader.findTemplateSource("spark/partials/exception_en_US.ftl"): Not found
2022-04-04 14:14:02,354 DEBUG [main] cache:45 - TemplateLoader.findTemplateSource("spark/partials/exception_en.ftl"): Not found
2022-04-04 14:14:02,354 DEBUG [main] cache:45 - TemplateLoader.findTemplateSource("spark/partials/exception.ftl"): Found
2022-04-04 14:14:02,354 DEBUG [main] cache:45 - Loading template for "spark/partials/exception.ftl"("en_US", UTF-8, parsed) from "jar:file:/C:/Users/ndhurandher/.m2/repository/com/aventstack/extentreports/5.0.9/extentreports-5.0.9.jar!/com/aventstack/extentreports/templates/spark/partials/exception.ftl"
2022-04-04 14:14:02,354 DEBUG [main] cache:45 - Couldn't find template in cache for "spark/partials/category.ftl"("en_US", UTF-8, parsed); will try to load it.
2022-04-04 14:14:02,354 DEBUG [main] cache:45 - TemplateLoader.findTemplateSource("spark/partials/category_en_US.ftl"): Not found
2022-04-04 14:14:02,354 DEBUG [main] cache:45 - TemplateLoader.findTemplateSource("spark/partials/category_en.ftl"): Not found
2022-04-04 14:14:02,354 DEBUG [main] cache:45 - TemplateLoader.findTemplateSource("spark/partials/category.ftl"): Found
2022-04-04 14:14:02,354 DEBUG [main] cache:45 - Loading template for "spark/partials/category.ftl"("en_US", UTF-8, parsed) from "jar:file:/C:/Users/ndhurandher/.m2/repository/com/aventstack/extentreports/5.0.9/extentreports-5.0.9.jar!/com/aventstack/extentreports/templates/spark/partials/category.ftl"
2022-04-04 14:14:02,354 DEBUG [main] cache:45 - Couldn't find template in cache for "spark/partials/device.ftl"("en_US", UTF-8, parsed); will try to load it.
2022-04-04 14:14:02,354 DEBUG [main] cache:45 - TemplateLoader.findTemplateSource("spark/partials/device_en_US.ftl"): Not found
2022-04-04 14:14:02,354 DEBUG [main] cache:45 - TemplateLoader.findTemplateSource("spark/partials/device_en.ftl"): Not found
2022-04-04 14:14:02,354 DEBUG [main] cache:45 - TemplateLoader.findTemplateSource("spark/partials/device.ftl"): Found
2022-04-04 14:14:02,354 DEBUG [main] cache:45 - Loading template for "spark/partials/device.ftl"("en_US", UTF-8, parsed) from "jar:file:/C:/Users/ndhurandher/.m2/repository/com/aventstack/extentreports/5.0.9/extentreports-5.0.9.jar!/com/aventstack/extentreports/templates/spark/partials/device.ftl"
2022-04-04 14:14:02,354 DEBUG [main] cache:45 - Couldn't find template in cache for "spark/partials/author.ftl"("en_US", UTF-8, parsed); will try to load it.
2022-04-04 14:14:02,354 DEBUG [main] cache:45 - TemplateLoader.findTemplateSource("spark/partials/author_en_US.ftl"): Not found
2022-04-04 14:14:02,370 DEBUG [main] cache:45 - TemplateLoader.findTemplateSource("spark/partials/author_en.ftl"): Not found
2022-04-04 14:14:02,370 DEBUG [main] cache:45 - TemplateLoader.findTemplateSource("spark/partials/author.ftl"): Found
2022-04-04 14:14:02,370 DEBUG [main] cache:45 - Loading template for "spark/partials/author.ftl"("en_US", UTF-8, parsed) from "jar:file:/C:/Users/ndhurandher/.m2/repository/com/aventstack/extentreports/5.0.9/extentreports-5.0.9.jar!/com/aventstack/extentreports/templates/spark/partials/author.ftl"
2022-04-04 14:14:02,371 DEBUG [main] cache:45 - Couldn't find template in cache for "spark/partials/log.ftl"("en_US", UTF-8, parsed); will try to load it.
2022-04-04 14:14:02,371 DEBUG [main] cache:45 - TemplateLoader.findTemplateSource("spark/partials/log_en_US.ftl"): Not found
2022-04-04 14:14:02,371 DEBUG [main] cache:45 - TemplateLoader.findTemplateSource("spark/partials/log_en.ftl"): Not found
2022-04-04 14:14:02,371 DEBUG [main] cache:45 - TemplateLoader.findTemplateSource("spark/partials/log.ftl"): Found
2022-04-04 14:14:02,371 DEBUG [main] cache:45 - Loading template for "spark/partials/log.ftl"("en_US", UTF-8, parsed) from "jar:file:/C:/Users/ndhurandher/.m2/repository/com/aventstack/extentreports/5.0.9/extentreports-5.0.9.jar!/com/aventstack/extentreports/templates/spark/partials/log.ftl"
2022-04-04 14:14:02,371 DEBUG [main] cache:45 - Couldn't find template in cache for "spark/partials/dashboard.ftl"("en_US", UTF-8, parsed); will try to load it.
2022-04-04 14:14:02,371 DEBUG [main] cache:45 - TemplateLoader.findTemplateSource("spark/partials/dashboard_en_US.ftl"): Not found
2022-04-04 14:14:02,371 DEBUG [main] cache:45 - TemplateLoader.findTemplateSource("spark/partials/dashboard_en.ftl"): Not found
2022-04-04 14:14:02,371 DEBUG [main] cache:45 - TemplateLoader.findTemplateSource("spark/partials/dashboard.ftl"): Found
2022-04-04 14:14:02,371 DEBUG [main] cache:45 - Loading template for "spark/partials/dashboard.ftl"("en_US", UTF-8, parsed) from "jar:file:/C:/Users/ndhurandher/.m2/repository/com/aventstack/extentreports/5.0.9/extentreports-5.0.9.jar!/com/aventstack/extentreports/templates/spark/partials/dashboard.ftl"
2022-04-04 14:14:02,387 DEBUG [main] cache:45 - Couldn't find template in cache for "spark/partials/scripts.ftl"("en_US", UTF-8, parsed); will try to load it.
2022-04-04 14:14:02,387 DEBUG [main] cache:45 - TemplateLoader.findTemplateSource("spark/partials/scripts_en_US.ftl"): Not found
2022-04-04 14:14:02,387 DEBUG [main] cache:45 - TemplateLoader.findTemplateSource("spark/partials/scripts_en.ftl"): Not found
2022-04-04 14:14:02,387 DEBUG [main] cache:45 - TemplateLoader.findTemplateSource("spark/partials/scripts.ftl"): Found
2022-04-04 14:14:02,387 DEBUG [main] cache:45 - Loading template for "spark/partials/scripts.ftl"("en_US", UTF-8, parsed) from "jar:file:/C:/Users/ndhurandher/.m2/repository/com/aventstack/extentreports/5.0.9/extentreports-5.0.9.jar!/com/aventstack/extentreports/templates/spark/partials/scripts.ftl"
2022-04-04 14:14:02,387 DEBUG [main] cache:45 - Couldn't find template in cache for "commons/commons-inject-js.ftl"("en_US", UTF-8, parsed); will try to load it.
2022-04-04 14:14:02,387 DEBUG [main] cache:45 - TemplateLoader.findTemplateSource("commons/commons-inject-js_en_US.ftl"): Not found
2022-04-04 14:14:02,387 DEBUG [main] cache:45 - TemplateLoader.findTemplateSource("commons/commons-inject-js_en.ftl"): Not found
2022-04-04 14:14:02,387 DEBUG [main] cache:45 - TemplateLoader.findTemplateSource("commons/commons-inject-js.ftl"): Found
2022-04-04 14:14:02,387 DEBUG [main] cache:45 - Loading template for "commons/commons-inject-js.ftl"("en_US", UTF-8, parsed) from "jar:file:/C:/Users/ndhurandher/.m2/repository/com/aventstack/extentreports/5.0.9/extentreports-5.0.9.jar!/com/aventstack/extentreports/templates/commons/commons-inject-js.ftl"
